fraig> cirr -r tests.fraig/sim12.aag

fraig> cirsim -f tests.fraig/pattern.12
0000000000000000000000000000000000000000000000000000000000000000[ 1 ]
0000000000000000000000000000000000000000000000000000000000000000[ 1 ]
0000000000000000000000000000000000000000000000000000000000000000[ 1 ]
0000000000000000000000000000000000000000000000000000000000000000[ 1 ]
0000000000000000000000000000000000000000000000000000000000000000[ 1 ]
0000000000000000000000000000000000000000000000000000000000000000[ 1 ]
0000000000000000000000000000000000000000000000000000000000000000[ 1 ]
0000000000000000000000000000000000000000000000000000000000000000[ 1 ]
0000000000000000000000000000000000000000000000000000000000000000[ 1 ]
0000000000000000000000000000000000000000000000000000000000000000[ 1 ]
0000000000000000000000000000000000000000000000000000000000000000[ 1 ]
0000000000000000000000000000000000000000000000000000000000000000[ 1 ]
0000000000000000000000000000000000000000000000000000000000000000[ 1 ]
0000000000000000000000000000000000000000000000000000000000000000[ 1 ]
0000000000000000000000000000000000000000000000000000000000000000[ 1 ]
0000000000000000000000000000000000000000000000000000000000000000[ 1 ]
0000000000000000000000000000000000000000000000000000000000000000[ 1 ]
0000000000000000000000000000000000000000000000000000000000000000[ 1 ]
0000000000000000000000000000000000000000000000000000000000000000[ 1 ]
0000000000000000000000000000000000000000000000000000000000000000[ 1 ]
0000000000000000000000000000000000000000000000000000000000000000[ 1 ]
0000000000000000000000000000000000000000000000000000000000000000[ 1 ]
0000000000000000000000000000000000000000000000000000000000000000[ 1 ]
0000000000000000000000000000000000000000000000000000000000000000[ 1 ]
0000000000000000000000000000000000000000000000000000000000000000[ 1 ]
0000000000000000000000000000000000000000000000000000000000000000[ 1 ]
0000000000000000000000000000000000000000000000000000000000000000[ 1 ]
0000000000000000000000000000000000000000000000000000000000000000[ 1 ]
0000000000000000000000000000000000000000000000000000000000000000[ 1 ]
0000000000000000000000000000000000000000000000000000000000000000[ 1 ]
0000000000000000000000000000000000000000000000000000000000000000[ 1 ]
0000000000000000000000000000000000000000000000000000000000000000[ 1 ]
0000000000000000000000000000000000000000000000000000000000000000[ 1 ]
0000000000000000000000000000000000000000000000000000000000000000[ 1 ]
0000000000000000000000000000000000000000000000000000000000000000[ 1 ]
0000000000000000000000000000000000000000000000000000000000000000[ 1 ]
0000000000000000000000000000000000000000000000000000000000000000[ 1 ]
0000000000000000000000000000000000000000000000000000000000000000[ 1 ]
0000000000000000000000000000000000000000000000000000000000000000[ 1 ]
0000000000000000000000000000000000000000000000000000000000000000[ 1 ]
0000000000000000000000000000000000000000000000000000000000000000[ 1 ]
0000000000000000000000000000000000000000000000000000000000000000[ 1 ]
0000000000000000000000000000000000000000000000000000000000000000[ 1 ]
0000000000000000000000000000000000000000000000000000000000000000[ 1 ]
0000000000000000000000000000000000000000000000000000000000000000[ 1 ]
0000000000000000000000000000000000000000000000000000000000000000[ 1 ]
0000000000000000000000000000000000000000000000000000000000000000[ 1 ]
0000000000000000000000000000000000000000000000000000000000000000[ 1 ]
0000000000000000000000000000000000000000000000000000000000000000[ 1 ]
0000000000000000000000000000000000000000000000000000000000000000[ 1 ]
0000000000000000000000000000000000000000000000000000000000000000[ 1 ]
0000000000000000000000000000000000000000000000000000000000000000[ 1 ]
0000000000000000000000000000000000000000000000000000000000000000[ 1 ]
0000000000000000000000000000000000000000000000000000000000000000[ 1 ]
0000000000000000000000000000000000000000000000000000000000000000[ 1 ]
0000000000000000000000000000000000000000000000000000000000000000[ 1 ]
0000000000000000000000000000000000000000000000000000000000000000[ 1 ]
0000000000000000000000000000000000000000000000000000000000000000[ 1 ]
0000000000000000000000000000000000000000000000000000000000000000[ 1 ]
0000000000000000000000000000000000000000000000000000000000000000[ 1 ]
0000000000000000000000000000000000000000000000000000000000000000[ 1 ]
0000000000000000000000000000000000000000000000000000000000000000[ 1 ]
0000000000000000000000000000000000000000000000000000000000000000[ 1 ]
0000000000000000000000000000000000000000000000000000000000000000[ 1 ]
0000000000000000000000000000000000000000000000000000000000000000[ 1 ]
0000000000000000000000000000000000000000000000000000000000000000[ 1 ]
0000000000000000000000000000000000000000000000000000000000000000[ 1 ]
0000000000000000000000000000000000000000000000000000000000000000[ 1 ]
0000000000000000000000000000000000000000000000000000000000000000[ 1 ]
0000000000000000000000000000000000000000000000000000000000000000[ 1 ]
0000000000000000000000000000000000000000000000000000000000000000[ 1 ]
0000000000000000000000000000000000000000000000000000000000000000[ 1 ]
0000000000000000000000000000000000000000000000000000000000000000[ 1 ]
0000000000000000000000000000000000000000000000000000000000000000[ 1 ]
0000000000000000000000000000000000000000000000000000000000000000[ 1 ]
0000000000000000000000000000000000000000000000000000000000000000[ 1 ]
0000000000000000000000000000000000000000000000000000000000000000[ 1 ]
0000000000000000000000000000000000000000000000000000000000000000[ 1 ]
0000000000000000000000000000000000000000000000000000000000000000[ 1 ]
0000000000000000000000000000000000000000000000000000000000000000[ 1 ]
0000000000000000000000000000000000000000000000000000000000000000[ 1 ]
0000000000000000000000000000000000000000000000000000000000000000[ 1 ]
0000000000000000000000000000000000000000000000000000000000000000[ 1 ]
0000000000000000000000000000000000000000000000000000000000000000[ 1 ]
0000000000000000000000000000000000000000000000000000000000000000[ 1 ]
0000000000000000000000000000000000000000000000000000000000000000[ 1 ]
0000000000000000000000000000000000000000000000000000000000000000[ 1 ]
0000000000000000000000000000000000000000000000000000000000000000[ 1 ]
0000000000000000000000000000000000000000000000000000000000000000[ 1 ]
0000000000000000000000000000000000000000000000000000000000000000[ 1 ]
0000000000000000000000000000000000000000000000000000000000000000[ 1 ]
0000000000000000000000000000000000000000000000000000000000000000[ 1 ]
0000000000000000000000000000000000000000000000000000000000000000[ 1 ]
0000000000000000000000000000000000000000000000000000000000000000[ 1 ]
0000000000000000000000000000000000000000000000000000000000000000[ 1 ]
0000000000000000000000000000000000000000000000000000000000000000[ 1 ]
0000000000000000000000000000000000000000000000000000000000000000[ 1 ]
0000000000000000000000000000000000000000000000000000000000000000[ 1 ]
0000000000000000000000000000000000000000000000000000000000000000[ 1 ]
0000000000000000000000000000000000000000000000000000000000000000[ 1 ]
0000000000000000000000000000000000000000000000000000000000000000[ 1 ]
0000000000000000000000000000000000000000000000000000000000000000[ 1 ]
0000000000000000000000000000000000000000000000000000000000000000[ 1 ]
0000000000000000000000000000000000000000000000000000000000000000[ 1 ]
0000000000000000000000000000000000000000000000000000000000000000[ 1 ]
0000000000000000000000000000000000000000000000000000000000000000[ 1 ]
0000000000000000000000000000000000000000000000000000000000000000[ 1 ]
0000000000000000000000000000000000000000000000000000000000000000[ 1 ]
0000000000000000000000000000000000000000000000000000000000000000[ 1 ]
0000000000000000000000000000000000000000000000000000000000000000[ 1 ]
0000000000000000000000000000000000000000000000000000000000000000[ 1 ]
0000000000000000000000000000000000000000000000000000000000000000[ 1 ]
0000000000000000000000000000000000000000000000000000000000000000[ 1 ]
0000000000000000000000000000000000000000000000000000000000000000[ 1 ]
0000000000000000000000000000000000000000000000000000000000000000[ 1 ]
0000000000000000000000000000000000000000000000000000000000000000[ 1 ]
0000000000000000000000000000000000000000000000000000000000000000[ 1 ]
0000000000000000000000000000000000000000000000000000000000000000[ 1 ]
0000000000000000000000000000000000000000000000000000000000000000[ 1 ]
0000000000000000000000000000000000000000000000000000000000000000[ 1 ]
0000000000000000000000000000000000000000000000000000000000000000[ 1 ]
0000000000000000000000000000000000000000000000000000000000000000[ 1 ]
0000000000000000000000000000000000000000000000000000000000000000[ 1 ]
0000000000000000000000000000000000000000000000000000000000000000[ 1 ]
0000000000000000000000000000000000000000000000000000000000000000[ 1 ]
0000000000000000000000000000000000000000000000000000000000000000[ 1 ]
0000000000000000000000000000000000000000000000000000000000000000[ 1 ]
0000000000000000000000000000000000000000000000000000000000000000[ 1 ]
0000000000000000000000000000000000000000000000000000000000000000[ 1 ]
0000000000000000000000000000000000000000000000000000000000000000[ 1 ]
0000000000000000000000000000000000000000000000000000000000000000[ 1 ]
0000000000000000000000000000000000000000000000000000000000000000[ 1 ]
0000000000000000000000000000000000000000000000000000000000000000[ 1 ]
0000000000000000000000000000000000000000000000000000000000000000[ 1 ]
0000000000000000000000000000000000000000000000000000000000000000[ 1 ]
0000000000000000000000000000000000000000000000000000000000000000[ 1 ]
0000000000000000000000000000000000000000000000000000000000000000[ 1 ]
0000000000000000000000000000000000000000000000000000000000000000[ 1 ]
0000000000000000000000000000000000000000000000000000000000000000[ 1 ]
0000000000000000000000000000000000000000000000000000000000000000[ 1 ]
0000000000000000000000000000000000000000000000000000000000000000[ 1 ]
0000000000000000000000000000000000000000000000000000000000000000[ 1 ]
0000000000000000000000000000000000000000000000000000000000000000[ 1 ]
0000000000000000000000000000000000000000000000000000000000000000[ 1 ]
0000000000000000000000000000000000000000000000000000000000000000[ 1 ]
0000000000000000000000000000000000000000000000000000000000000000[ 1 ]
0000000000000000000000000000000000000000000000000000000000000000[ 1 ]
0000000000000000000000000000000000000000000000000000000000000000[ 1 ]
0000000000000000000000000000000000000000000000000000000000000000[ 1 ]
0000000000000000000000000000000000000000000000000000000000000000[ 1 ]
0000000000000000000000000000000000000000000000000000000000000000[ 1 ]
0000000000000000000000000000000000000000000000000000000000000000[ 1 ]
0000000000000000000000000000000000000000000000000000000000000000[ 1 ]
0000000000000000000000000000000000000000000000000000000000000000[ 1 ]
0000000000000000000000000000000000000000000000000000000000000000[ 1 ]
0000000000000000000000000000000000000000000000000000000000000000[ 1 ]
0000000000000000000000000000000000000000000000000000000000000000[ 1 ]
0000000000000000000000000000000000000000000000000000000000000000[ 1 ]
0000000000000000000000000000000000000000000000000000000000000000[ 1 ]
0000000000000000000000000000000000000000000000000000000000000000[ 1 ]
0000000000000000000000000000000000000000000000000000000000000000[ 1 ]
0000000000000000000000000000000000000000000000000000000000000000[ 1 ]
0000000000000000000000000000000000000000000000000000000000000000[ 1 ]
0000000000000000000000000000000000000000000000000000000000000000[ 1 ]
0000000000000000000000000000000000000000000000000000000000000000[ 1 ]
0000000000000000000000000000000000000000000000000000000000000000[ 1 ]
0000000000000000000000000000000000000000000000000000000000000000[ 1 ]
0000000000000000000000000000000000000000000000000000000000000000[ 1 ]
0000000000000000000000000000000000000000000000000000000000000000[ 1 ]
0000000000000000000000000000000000000000000000000000000000000000[ 1 ]
0000000000000000000000000000000000000000000000000000000000000000[ 1 ]
0000000000000000000000000000000000000000000000000000000000000000[ 1 ]
0000000000000000000000000000000000000000000000000000000000000000[ 1 ]
0000000000000000000000000000000000000000000000000000000000000000[ 1 ]
0000000000000000000000000000000000000000000000000000000000000000[ 1 ]
0000000000000000000000000000000000000000000000000000000000000000[ 1 ]
0000000000000000000000000000000000000000000000000000000000000000[ 1 ]
0000000000000000000000000000000000000000000000000000000000000000[ 1 ]
0000000000000000000000000000000000000000000000000000000000000000[ 1 ]
0000000000000000000000000000000000000000000000000000000000000000[ 1 ]
0000000000000000000000000000000000000000000000000000000000000000[ 1 ]
0000000000000000000000000000000000000000000000000000000000000000[ 1 ]
0000000000000000000000000000000000000000000000000000000000000000[ 1 ]
0000000000000000000000000000000000000000000000000000000000000000[ 1 ]
0000000000000000000000000000000000000000000000000000000000000000[ 1 ]
0000000000000000000000000000000000000000000000000000000000000000[ 1 ]
0000000000000000000000000000000000000000000000000000000000000000[ 1 ] !!!
11936 patterns simulated.

fraig> cirp -fec
[0] 0 291 292 294 296 298 300 302 304 305 306 307 308 311 312 315 317 323 331 332 537 993 1063 1113 1144 1197 1250 1301 1358 1419 1484 1548 1689 1864 1896 1933 1976 2017 2030 2058 2067 2094 2105 2133 2143 2167 2178 2185 2195 2207 2213 2225 2243 2250 2265 2275 2299 2312 2344 2379 2518 2774 3190 3403 3631 3781 4199 4612 4625 4633 4641 4644 4645 4658 4666 4674 4682 4690 4698 4706 4713 4714 4796 4797 4798 5481 5515 5561 5617 5653 5696 5739 5783 5841 5886 5930 5951 6015 6069 6104 6113 6156 6167 6184 6644 7790 7807 7808 7809 8671 8672 !8673 8674 8675 !8676 8677 8678 !8679 8680 8681 !8682 8683 8684 !8685 8686 8687 !8688 8689 8690 !8691 8692 8693 !8694 8695 8696 !8697 8698 8699 !8700 8701 8702 !8703 8704 8705 !8706 8707 8708 !8709 8710 8711 !8712 8713 8714 !8715 8716 8717 !8718 8719 8720 !8721 8722 8723 !8724 8725 8726 !8727 8728 8729 !8730 8731 8732 !8733 8734 8735 !8736 8737 8738 !8739 8740 8741 !8742 8743 8744 !8745 8746 8747 !8748 8749 8750 !8751 8752 8753 !8754 8755 8756 !8757 8758 8759 !8760 8761 8762 !8763 8764 8765 !8766 8767 8768 !8769 8770 8771 !8772 8773 8774 !8775 8776 8777 !8778 8779 8780 !8781 8782 8783 !8784 8785 8786 !8787 8788 8789 !8790 8791 8792 !8793 8794 8795 !8796 8797 8798 !8799 8800 8801 !8802 8803 8804 !8805 8806 8807 !8808 8809 8810 !8811 8812 8813 !8814 8815 8816 !8817 8818 8819 !8820 8821 8822 !8823 8824 8825 !8826 8827 8828 !8829 8830 8831 !8832 8833 8834 !8835 8836 8837 !8838 8839 8840 !8841 8842 8843 !8844 8845 8846 !8847 8848 8849 !8850 8851 8852 !8853 8854 8855 !8856 8857 8858 !8859 8860 8861 !8862 8863 8864 !8865 8866 8867 !8868 8869 8870 !8871 8872 8873 !8874 8875 8876 !8877 8878 8879 !8880 8881 8882 !8883 8884 8885 !8886 8887 8888 !8889 8890 8891 !8892 8893 8894 !8895 8896 8897 !8898 8899 8900 !8901 8902 8903 !8904 8905 8906 !8907 8908 8909 !8910 8911 8912 !8913 8914 8915 !8916 8917 8918 !8919 8920 8921 !8922 8923 8924 !8925 8926 8927 !8928 8929 8930 !8931 8932 8933 !8934 8935 8936 !8937 8938 8939 !8940 8941 8942 !8943 8944 8945 !8946 8947 8948 !8949 8950 8951 !8952 8953 8954 !8955 8956 8957 !8958 8959 8960 !8961 8962 8963 !8964 8965 8966 !8967 8968 8969 !8970 8971 8972 !8973 8974 8975 !8976 8977 8978 !8979 8980 8981 !8982 8983 8984 !8985 8986 8987 !8988 8989 8990 !8991 8992 8993 !8994 8995 8996 !8997 8998 8999 !9000 9001 9002 !9003 9004 9005 !9006 9007 9008 !9009 9010 9011 !9012 9013 9014 !9015 9016 9017 !9018 9019 9020 !9021 9022 9023 !9024 9025 9026 !9027 9028 9029 !9030 9031 9032 !9033 9034 9035 !9036 9037 9038 !9039 9040 9041 !9042 9043 9044 !9045 9046 9047 !9048 9049 9050 !9051 9052 9053 !9054 9055 9056 !9057 9058 9059 !9060 9061 9062 !9063 9064 9065 !9066 9067 9068 !9069 9070 9071 !9072 9073 9074 !9075 9076 9077 !9078 9079 9080 !9081 9082 9083 !9084 9085 9086 !9087 9088 9089 !9090 9091 9092 !9093 9094 9095 !9096 9097 9098 !9099 9100 9101 !9102 9103 9104 !9105 9106 9107 !9108 9109 9110 !9111 9112 9113 !9114 9115 9116 !9117 9118 9119 !9120 9121 9122 !9123 9124 9125 !9126 9127 9128 !9129 9130 9131 !9132 9133 9134 !9135 9136 9137 !9138 9139 9140 !9141 9142 9143 !9144 9145 9146 !9147 9148 9149 !9150 9151 9152 !9153 9154 9155 !9156 9157 9158 !9159 9160 9161 !9162 9163 9164 !9165 9166 9167 !9168 9169 9170 !9171 9172 9173 !9174 9175 9176 !9177 9178 9179 !9180 9181 9182 !9183 9184 9185 !9186 9187 9188 !9189 9190 9191 !9192 9193 9194 !9195 9196 9197 !9198 9199 9200 !9201 9202 9203 !9204 9205 9206 !9207 9208 9209 !9210 9211 9212 !9213 9214 9215 !9216 9217 9218 !9219 9220 9221 !9222 9223 9224 !9225 9226 9227 !9228 9229 9230 !9231 9232 9233 !9234 9235 9236 !9237 9238 9239 !9240 9241 9242 !9243 9244 9245 !9246 9247 9248 !9249 9250 9251 !9252 9253 9254 !9255 9256 9257 !9258 9259 9260 !9261 9262 9263 !9264 9265 9266 !9267 9268 9269 !9270 9271 9272 !9273 9274 9275 !9276 9277 9278 !9279 9280 9281 !9282 9283 9284 !9285 9286 9287 !9288 9289 9290 !9291 9292 9293 !9294 9295 9296 !9297 9298 9299 !9300 9301 9302 !9303 9304 9305 !9306 9307 9308 !9309 9310 9311 !9312 9313 9314 !9315 9316 9317 !9318 9319 9320 !9321 9322 9323 !9324 9325 9326 !9327 9328 9329 !9330 9331 9332 !9333 9334 9335 !9336 9337 9338 !9339 9340 9341 !9342 9343 9344 !9345 9346 9347 !9348 9349 9350 !9351 9352 9353 !9354 9355 9356 !9357 9358 9359 !9360 9361 9362 !9363 9364 9365 !9366 9367 9368 !9369 9370 9371 !9372 9373 9374 !9375 9376 9377 !9378 9379 9380 !9381 9382 9383 !9384 9385 9386 !9387 9388 9389 !9390 9391 9392 !9393 9394 9395 !9396 9397 9398 !9399 !9400 !9401 !9402 !9403 !9404 !9405 !9406 !9407 !9408 !9409 !9410 !9411 !9412 !9413 !9414 !9415 !9416 !9417 !9418 !9419 !9420 !9421 !9422 !9423 !9424 !9425 !9426 !9427 !9428 !9429 !9430 !9431 !9432 !9433 !9434 !9435 !9436 !9437 !9438 !9439 !9440 !9441 !9442 !9443 !9444 !9445 !9446 !9447 !9448 !9449 !9450 !9451 !9452 !9453 !9454 !9455 !9456 !9457 !9458 !9459 !9460 !9461 !9462 !9463 !9464 !9465 !9466 !9467 !9468 !9469 !9470 !9471 !9472 !9473 !9474 !9475 !9476 !9477 !9478 !9479 !9480 !9481 !9482 !9483 !9484 !9485 !9486 !9487 !9488 !9489 !9490 !9491 !9492 !9493 !9494 !9495 !9496 !9497 !9498 !9499 !9500 !9501 !9502 !9503 !9504 !9505 !9506 !9507 !9508 !9509 !9510 !9511 !9512 !9513 !9514 !9515 !9516 !9517 !9518 !9519 !9520 !9521 !9522 !9523 !9524 !9525 !9526 !9527 !9528 !9529 !9530 !9531 !9532 !9533 !9534 !9535 !9536 !9537 !9538 !9539 !9540 !9541 !9542 !9543 !9544 !9545 !9546 !9547 !9548 !9549 !9550 !9551 !9552 !9553 !9554 !9555 !9556 !9557 !9558 !9559 !9560 !9561 !9562 !9563 !9564 !9565 !9566 !9567 !9568 !9569 !9570 !9571 !9572 !9573 !9574 !9575 !9576 !9577 !9578 !9579 !9580 !9581 !9582 !9583 !9584 !9585 !9586 !9587 !9588 !9589 !9590 !9591 !9592 !9593 !9594 !9595 !9596 !9597 !9598 !9599 !9600 !9601 !9602 !9603 !9604 !9605 !9606 !9607 !9608 !9609 !9610 !9611 !9612 !9613 !9614 !9615 !9616 !9617 !9618 !9619 !9620 !9621 !9622 !9623 !9624 !9625 !9626 !9627 !9628 !9629 !9630 !9631 !9632 !9633 !9634 !9635 !9636 !9637 !9638 !9639 !9640 !9641
[1] 289 290
[2] 309 !313
[3] 310 !314
[4] 316 !324
[5] 318 !325
[6] 326 !4710
[7] 327 !4702
[8] 329 !342 4642
[9] 330 !343
[10] 333 !344
[11] 338 4816
[12] 339 4812
[13] 341 4819
[14] 345 !4686
[15] 346 !4694
[16] 347 4831
[17] 348 4830
[18] 351 4857
[19] 352 4817
[20] 353 4820
[21] 355 4647
[22] 360 4824
[23] 361 4814
[24] 362 4834
[25] 365 4858
[26] 366 4813
[27] 368 4648
[28] 369 !4653
[29] 370 !4629 !7810
[30] 373 4832
[31] 378 4869
[32] 379 4871
[33] 380 4860
[34] 381 4859
[35] 382 4815
[36] 385 7263
[37] 386 !4827
[38] 387 4836
[39] 395 4867
[40] 397 4861
[41] 398 4822
[42] 399 7264
[43] 400 7277
[44] 401 4837
[45] 402 4838
[46] 408 4932
[47] 409 4934
[48] 410 4907
[49] 411 4908
[50] 412 4868
[51] 422 4975
[52] 423 4979
[53] 426 5020
[54] 427 5024
[55] 430 4930
[56] 432 4909
[57] 433 4873
[58] 439 4977
[59] 442 5022
[60] 445 4931
[61] 447 7471
[62] 448 7472
[63] 451 4994
[64] 452 4995
[65] 453 4976
[66] 455 5036
[67] 456 5037
[68] 457 5021
[69] 459 4952
[70] 460 4951
[71] 461 4936
[72] 462 7470
[73] 463 7473
[74] 466 4996
[75] 467 4981
[76] 468 5038
[77] 469 5026
[78] 470 4953
[79] 471 7461
[80] 472 7463
[81] 473 7476
[82] 474 7475
[83] 475 7474
[84] 476 7485
[85] 480 7453
[86] 481 7454
[87] 482 7493
[88] 483 7494
[89] 484 7462
[90] 486 7467
[91] 487 7466
[92] 488 7477
[93] 492 7452
[94] 493 7455
[95] 494 7458
[96] 495 7457
[97] 496 7498
[98] 497 7497
[99] 498 7492
[100] 499 7495
[101] 500 7465
[102] 501 7468
[103] 506 5065
[104] 507 5069
[105] 508 7456
[106] 509 7459
[107] 510 7499
[108] 511 7496
[109] 512 7489
[110] 513 !7487
[111] 515 5067
[112] 520 7460
[113] 521 7500
[114] 522 7510
[115] 524 5082
[116] 525 5081
[117] 526 5066
[118] 528 !538
[119] 529 !539
[120] 535 5083
[121] 536 5071
[122] 542 5110
[123] 543 5114
[124] 546 7502
[125] 547 7503
[126] 548 !565
[127] 549 !566
[128] 558 5112
[129] 560 7515
[130] 562 7501
[131] 563 7504
[132] 564 !577
[133] 567 !4637
[134] 568 !4621
[135] 571 5127
[136] 572 5128
[137] 573 5111
[138] 576 7505
[139] 582 7067
[140] 583 4804
[141] 586 5148
[142] 587 5152
[143] 588 5129
[144] 589 5116
[145] 590 7506
[146] 594 !4662
[147] 595 !4678
[148] 596 6307
[149] 597 7072
[150] 598 !4543
[151] 599 5150
[152] 601 7444
[153] 602 7445
[154] 603 7507
[155] 607 !4670
[156] 609 4800
[157] 611 5172
[158] 612 5173
[159] 613 5149
[160] 615 7443
[161] 616 7446
[162] 621 4717
[163] 623 5174
[164] 624 5154
[165] 625 7449
[166] 626 7448
[167] 627 7447
[168] 628 !7518
[169] 630 5198
[170] 631 5202
[171] 632 7068
[172] 633 7074
[173] 634 !7076
[174] 635 4840
[175] 636 7434
[176] 637 7435
[177] 638 7450
[178] 642 5200
[179] 644 7083
[180] 645 7080
[181] 646 7077
[182] 647 7069
[183] 650 7433
[184] 651 7436
[185] 654 !4550
[186] 655 5199
[187] 660 7082
[188] 662 7070
[189] 664 7866
[190] 665 7439
[191] 666 7438
[192] 667 7437
[193] 669 5216
[194] 670 5217
[195] 671 5204
[196] 674 8028
[197] 675 7079
[198] 676 7867
[199] 680 7440
[200] 682 5218
[201] 683 7426
[202] 684 7424
[203] 687 5242
[204] 688 5246
[205] 689 8021
[206] 690 8020
[207] 691 8018
[208] 692 8017
[209] 693 8029
[210] 694 8030
[211] 699 7425
[212] 701 !4557
[213] 702 5244
[214] 704 4885
[215] 705 4886
[216] 706 8010
[217] 707 8009
[218] 708 8022
[219] 709 8019
[220] 710 8031
[221] 713 5286
[222] 714 5288
[223] 715 7430
[224] 716 7429
[225] 718 7428
[226] 719 5256
[227] 720 5257
[228] 721 5243
[229] 726 4876
[230] 727 !4879
[231] 728 7999
[232] 729 7998
[233] 730 8011
[234] 731 8024
[235] 732 8023
[236] 735 !4564
[237] 736 5290
[238] 738 7431
[239] 740 5258
[240] 741 5248
[241] 745 4878
[242] 746 4911
[243] 747 4910
[244] 748 8000
[245] 749 8007
[246] 750 8006
[247] 751 8013
[248] 752 8012
[249] 753 8025
[250] 757 5308
[251] 758 5309
[252] 759 5287
[253] 763 7531
[254] 764 7530
[255] 765 7527
[256] 766 7525
[257] 769 5335
[258] 770 5337
[259] 771 !4906
[260] 772 4912
[261] 773 7996
[262] 774 7995
[263] 775 8002
[264] 776 8001
[265] 777 8008
[266] 778 8014
[267] 780 7988
[268] 781 7987
[269] 782 !803
[270] 787 5310
[271] 788 5292
[272] 790 7532
[273] 791 7526
[274] 793 !4571
[275] 794 5339
[276] 796 4946
[277] 798 7997
[278] 799 8003
[279] 800 8016
[280] 801 8033
[281] 802 7989
[282] 808 5379
[283] 809 5381
[284] 810 7557
[285] 811 7558
[286] 813 7529
[287] 814 5351
[288] 815 5352
[289] 816 5336
[290] 818 4950
[291] 819 8004
[292] 820 8005
[293] 821 8015
[294] 822 8034
[295] 823 7991
[296] 824 7990
[297] 825 7985
[298] 826 7984
[299] 827 7977
[300] 828 7976
[301] 829 !851
[302] 830 880 935
[303] 834 5428
[304] 835 5432
[305] 836 !4578
[306] 837 5377
[307] 839 7556
[308] 840 7559
[309] 843 5353
[310] 844 5341
[311] 846 8589
[312] 847 !2871 8035
[313] 848 7992
[314] 849 7986
[315] 850 7978
[316] 853 !4585
[317] 854 5430
[318] 856 5398
[319] 857 5399
[320] 858 5378
[321] 860 7562
[322] 861 7561
[323] 862 7560
[324] 864 7538
[325] 865 7539
[326] 866 5050
[327] 867 5049
[328] 871 7994
[329] 872 7993
[330] 873 7974
[331] 874 7973
[332] 875 7980
[333] 876 7979
[334] 877 7967
[335] 878 7966
[336] 879 !906
[337] 884 5470
[338] 885 5472
[339] 886 5450
[340] 887 5451
[341] 888 5429
[342] 890 !2760 5400 !5402
[343] 891 5383
[344] 892 7563
[345] 894 7543
[346] 895 7542
[347] 896 7537
[348] 897 7540
[349] 899 !4999
[350] 900 4993
[351] 901 !8037
[352] 902 8375
[353] 903 7975
[354] 904 7981
[355] 905 7968
[356] 908 !4592
[357] 909 5474
[358] 911 5452
[359] 912 5434
[360] 913 7547
[361] 914 7548
[362] 917 7544
[363] 918 7541
[364] 921 4997
[365] 922 5001
[366] 923 5039
[367] 924 5040
[368] 925 7957
[369] 926 7956
[370] 928 7983
[371] 929 7982
[372] 930 7964
[373] 931 7963
[374] 932 7970
[375] 933 7969
[376] 934 !962
[377] 939 5522
[378] 940 5526
[379] 941 5492
[380] 942 5493
[381] 943 5471
[382] 945 7415
[383] 946 7414
[384] 947 7552
[385] 948 7551
[386] 949 7546
[387] 950 7549
[388] 952 7545
[389] 954 4888
[390] 955 5043
[391] 956 5041
[392] 957 7958
[393] 958 !8039
[394] 959 8420
[395] 960 7965
[396] 961 7971
[397] 964 !4599
[398] 965 5524
[399] 967 !2758 2963 5494 !5516 5517
[400] 968 5476
[401] 969 7420
[402] 970 7419
[403] 971 7416
[404] 973 7553
[405] 974 7550
[406] 975 7572
[407] 977 7148
[408] 980 4917
[409] 981 5087
[410] 982 5044
[411] 983 5138
[412] 984 5139
[413] 985 7954
[414] 986 7953
[415] 987 7960
[416] 988 7959
[417] 989 8422
[418] 990 8044
[419] 991 7972
[420] 992 !1020
[421] 994 !1021
[422] 997 5567
[423] 998 5569
[424] 999 5536
[425] 1000 5537
[426] 1001 5523
[427] 1003 7406
[428] 1004 7405
[429] 1005 7421
[430] 1006 7418
[431] 1007 7554
[432] 1009 6683
[433] 1011 5006
[434] 1012 5005
[435] 1013 4918
[436] 1014 !5089
[437] 1015 !5092
[438] 1016 7955
[439] 1017 7961
[440] 1018 8041
[441] 1019 8239
[442] 1022 !4606
[443] 1023 5571
[444] 1025 !2757 2962 5538 !5560 5562
[445] 1026 5528
[446] 1027 7407
[447] 1029 7411
[448] 1030 7410
[449] 1031 7423
[450] 1034 !4956
[451] 1035 4963
[452] 1036 5085
[453] 1038 5169
[454] 1039 5168
[455] 1040 8043
[456] 1041 7962
[457] 1042 8241
[458] 1044 4614
[459] 1045 5608
[460] 1046 5610
[461] 1047 5582
[462] 1048 5583
[463] 1049 5568
[464] 1051 7397
[465] 1052 7398
[466] 1053 7409
[467] 1054 7412
[468] 1055 7571
[469] 1057 !6685
[470] 1059 !5126
[471] 1060 !5132
[472] 1061 8664
[473] 1062 8666
[474] 1064 !1091
[475] 1065 4615
[476] 1066 5612
[477] 1068 !2756 2961 5584 !5618 5619
[478] 1069 5573
[479] 1070 7402
[480] 1071 7401
[481] 1072 7396
[482] 1073 7399
[483] 1074 7578
[484] 1075 7577
[485] 1076 6687
[486] 1077 6686
[487] 1079 !5008
[488] 1080 5131
[489] 1081 5134
[490] 1082 5212
[491] 1083 5213
[492] 1084 7946
[493] 1085 7945
[494] 1086 7943
[495] 1087 7942
[496] 1088 8663
[497] 1089 7935
[498] 1090 7934
[499] 1092 5659
[500] 1093 5661
[501] 1094 5631
[502] 1095 5632
[503] 1096 5609
[504] 1098 7387
[505] 1099 7388
[506] 1100 7403
[507] 1101 7400
[508] 1102 7422
[509] 1103 7579
[510] 1104 7115
[511] 1107 5184
[512] 1108 !5177
[513] 1109 7947
[514] 1110 7944
[515] 1111 8047
[516] 1112 7936
[517] 1114 !1146
[518] 1115 5657
[519] 1117 !2755 2960 5633 !5652 5654
[520] 1118 5614
[521] 1119 7386
[522] 1120 7389
[523] 1121 7392
[524] 1122 7391
[525] 1123 7581
[526] 1124 7580
[527] 1125 7116
[528] 1131 5176
[529] 1132 5270
[530] 1133 5269
[531] 1134 7949
[532] 1135 7948
[533] 1138 7932
[534] 1139 7931
[535] 1140 7938
[536] 1141 7937
[537] 1142 7924
[538] 1143 7923
[539] 1145 !1169
[540] 1147 5703
[541] 1148 5705
[542] 1149 5658
[543] 1151 7378
[544] 1152 7379
[545] 1153 7390
[546] 1154 7393
[547] 1155 7413
[548] 1156 7582
[549] 1157 !6689
[550] 1160 !5228
[551] 1161 !5221
[552] 1162 5355
[553] 1163 5405
[554] 1164 7950
[555] 1166 7933
[556] 1167 7939
[557] 1168 7925
[558] 1170 5701
[559] 1172 5673
[560] 1173 5674
[561] 1174 5663
[562] 1175 7383
[563] 1176 7382
[564] 1177 7377
[565] 1178 7380
[566] 1179 7395
[567] 1180 7583
[568] 1182 !5141
[569] 1183 5219
[570] 1184 5230
[571] 1185 5319
[572] 1186 5320
[573] 1187 5443
[574] 1189 7940
[575] 1190 7941
[576] 1191 7921
[577] 1192 7920
[578] 1193 7927
[579] 1194 7926
[580] 1195 7914
[581] 1196 7913
[582] 1198 !1221
[583] 1199 5745
[584] 1200 5747
[585] 1201 5702
[586] 1203 !2754 2959 5675 !5697 5698
[587] 1204 7369
[588] 1205 7368
[589] 1206 7384
[590] 1207 7381
[591] 1208 7404
[592] 1211 6691
[593] 1213 !5263
[594] 1214 !5261
[595] 1216 8049
[596] 1217 8360
[597] 1218 7922
[598] 1219 7928
[599] 1220 7915
[600] 1222 5743
[601] 1224 2753 !2958 5718 5738 !5740
[602] 1225 5707
[603] 1226 7367
[604] 1227 7370
[605] 1228 7373
[606] 1229 7372
[607] 1230 7586
[608] 1231 7585
[609] 1234 6692
[610] 1235 6693
[611] 1236 2449 !5171
[612] 1237 5259
[613] 1238 5265
[614] 1239 5461
[615] 1240 5462
[616] 1241 5354
[617] 1242 5445
[618] 1243 8362
[619] 1244 7930
[620] 1245 7929
[621] 1246 7917
[622] 1247 7916
[623] 1248 7911
[624] 1249 7910
[625] 1251 !1274
[626] 1252 5790
[627] 1253 5788
[628] 1254 5744
[629] 1256 7359
[630] 1257 7358
[631] 1258 7371
[632] 1259 7374
[633] 1260 7394
[634] 1261 7587
[635] 1263 7050
[636] 1265 5307
[637] 1266 !5407
[638] 1267 5446
[639] 1268 7903
[640] 1269 7902
[641] 1270 8051
[642] 1271 8603
[643] 1272 7918
[644] 1273 7912
[645] 1275 5792
[646] 1277 2752 !2957 5763 5784 !5785
[647] 1278 5749
[648] 1279 7364
[649] 1280 7363
[650] 1281 7360
[651] 1283 7376
[652] 1284 7588
[653] 1291 5215
[654] 1292 5311
[655] 1295 7892
[656] 1296 7891
[657] 1297 7904
[658] 1299 8055
[659] 1300 7919
[660] 1302 !1329
[661] 1303 5832
[662] 1304 5835
[663] 1305 5789
[664] 1307 7351
[665] 1308 7349
[666] 1309 7365
[667] 1310 7362
[668] 1311 7385
[669] 1313 !6764
[670] 1315 !6695
[671] 1317 5223
[672] 1318 5444
[673] 1319 5448
[674] 1320 5505
[675] 1321 5506
[676] 1322 7893
[677] 1323 7906
[678] 1324 7905
[679] 1325 7900
[680] 1326 7899
[681] 1327 !8053
[682] 1328 8285
[683] 1330 5831
[684] 1332 2751 !2956 5812 5840 !5842
[685] 1333 5794
[686] 1334 7350
[687] 1336 7355
[688] 1337 7354
[689] 1338 7591
[690] 1339 7590
[691] 1343 7036
[692] 1346 !5272
[693] 1347 5449
[694] 1348 !5455
[695] 1349 7895
[696] 1350 7894
[697] 1351 7889
[698] 1352 7888
[699] 1353 7907
[700] 1354 7901
[701] 1355 8287
[702] 1356 7881
[703] 1357 7880
[704] 1359 !1388
[705] 1360 5878
[706] 1361 5881
[707] 1362 5834
[708] 1364 7340
[709] 1365 7341
[710] 1366 7353
[711] 1367 7356
[712] 1368 7375
[713] 1369 7592
[714] 1370 6766
[715] 1372 6697
[716] 1374 5273
[717] 1375 5365
[718] 1376 5362
[719] 1377 5454
[720] 1378 5457
[721] 1379 5550
[722] 1380 5551
[723] 1381 7896
[724] 1382 7890
[725] 1383 7909
[726] 1384 8316
[727] 1385 7882
[728] 1386 7703
[729] 1387 5214
[730] 1389 5877
[731] 1391 2750 !2955 5853 5887 !5888
[732] 1392 5837
[733] 1393 7345
[734] 1394 7344
[735] 1395 7339
[736] 1396 7342
[737] 1397 7594
[738] 1398 7593
[739] 1399 7110
[740] 1403 5322
[741] 1404 !5313
[742] 1405 5499
[743] 1406 !5497
[744] 1407 7897
[745] 1408 7898
[746] 1409 7908
[747] 1411 7878
[748] 1412 7877
[749] 1413 7884
[750] 1414 7883
[751] 1415 7869
[752] 1416 7868
[753] 1417 5593
[754] 1418 5271
[755] 1420 !1448
[756] 1421 5935
[757] 1422 5938
[758] 1423 5880
[759] 1425 7331
[760] 1426 7332
[761] 1427 7346
[762] 1428 7343
[763] 1429 7366
[764] 1430 7595
[765] 1431 !6768
[766] 1433 !6699
[767] 1434 4862
[768] 1435 5418
[769] 1436 5417
[770] 1438 5596
[771] 1440 5495
[772] 1441 8315
[773] 1442 !2892 !8318
[774] 1443 7879
[775] 1444 7885
[776] 1445 7870
[777] 1446 5594
[778] 1449 5934
[779] 1451 2749 !2954 5901 5929 !5931
[780] 1452 5883
[781] 1453 7330
[782] 1454 7333
[783] 1455 7336
[784] 1456 7335
[785] 1457 7348
[786] 1458 7596
[787] 1459 7103
[788] 1462 6701
[789] 1463 6700
[790] 1464 4925
[791] 1465 !5356
[792] 1466 5370
[793] 1467 !5541
[794] 1468 !5543
[795] 1470 7886
[796] 1471 7887
[797] 1472 7872
[798] 1473 7871
[799] 1474 7863
[800] 1475 7862
[801] 1476 8199
[802] 1477 8198
[803] 1478 5686
[804] 1479 5728
[805] 1481 7653
[806] 1482 7652
[807] 1483 5321
[808] 1485 !1514
[809] 1486 5980
[810] 1487 5983
[811] 1488 5937
[812] 1490 7322
[813] 1491 7321
[814] 1492 7334
[815] 1493 7337
[816] 1494 7357
[817] 1496 !6770
[818] 1498 7000
[819] 1499 4970
[820] 1501 5642
[821] 1502 5643
[822] 1503 5540
[823] 1505 8061
[824] 1506 8633
[825] 1507 7873
[826] 1508 7864
[827] 1509 8200
[828] 1510 7649
[829] 1512 5366
[830] 1515 5979
[831] 1517 2748 !2953 5950 5952 !5953
[832] 1518 5940
[833] 1519 7326
[834] 1520 7325
[835] 1521 7320
[836] 1522 7323
[837] 1523 7599
[838] 1524 7598
[839] 1525 7045
[840] 1528 7001
[841] 1529 6681
[842] 1530 6680
[843] 1531 5015
[844] 1532 !5420
[845] 1533 5598
[846] 1534 !5587
[847] 1535 !5581
[848] 1536 8634
[849] 1537 7875
[850] 1538 7874
[851] 1539 8196
[852] 1540 8195
[853] 1541 8202
[854] 1542 8201
[855] 1543 8188
[856] 1544 8187
[857] 1545 7709
[858] 1546 7656
[859] 1549 !1581
[860] 1550 6020
[861] 1551 6023
[862] 1552 5982
[863] 1554 7313
[864] 1555 7311
[865] 1556 7327
[866] 1557 7324
[867] 1558 7347
[868] 1559 7600
[869] 1560 !6772
[870] 1562 6703
[871] 1563 6976
[872] 1564 5060
[873] 1565 5422
[874] 1567 5687
[875] 1568 5585
[876] 1569 5589
[877] 1570 8063
[878] 1571 7876
[879] 1572 8197
[880] 1573 8203
[881] 1574 8189
[882] 1575 5821
[883] 1576 5852
[884] 1579 7658
[885] 1582 6019
[886] 1584 2747 !2952 5994 6014 !6016
[887] 1585 5985
[888] 1586 7312
[889] 1588 7317
[890] 1589 7316
[891] 1590 7329
[892] 1591 7601
[893] 1592 7030
[894] 1595 6977
[895] 1596 5105
[896] 1597 5464
[897] 1599 !5636
[898] 1600 !5630
[899] 1602 8205
[900] 1603 8204
[901] 1604 8185
[902] 1605 8184
[903] 1606 8191
[904] 1607 8190
[905] 1608 8177
[906] 1609 8176
[907] 1610 5822
[908] 1611 5859
[909] 1612 5760
[910] 1613 5860
[911] 1615 1630 5595
[912] 1616 6061
[913] 1617 6064
[914] 1618 6022
[915] 1620 7303
[916] 1621 7301
[917] 1622 7315
[918] 1623 7318
[919] 1624 7338
[920] 1626 !6774
[921] 1628 6705
[922] 1629 5159
[923] 1631 5600
[924] 1632 5638
[925] 1633 5634
[926] 1634 5729
[927] 1635 !8207
[928] 1636 8435
[929] 1637 8186
[930] 1638 8192
[931] 1639 8178
[932] 1641 5918
[933] 1643 6060
[934] 1645 2746 !2951 6042 6070 !6071
[935] 1646 6025
[936] 1647 7307
[937] 1648 7306
[938] 1649 7302
[939] 1651 7604
[940] 1652 7603
[941] 1654 6760
[942] 1655 6759
[943] 1656 6707
[944] 1657 6706
[945] 1658 5192
[946] 1659 5601
[947] 1660 !5680
[948] 1661 !5678
[949] 1663 8193
[950] 1664 8194
[951] 1665 8174
[952] 1666 8173
[953] 1667 8180
[954] 1668 8179
[955] 1669 8150
[956] 1670 8149
[957] 1671 5913
[958] 1673 7650
[959] 1674 5919
[960] 1675 7667
[961] 1676 6063
[962] 1678 7294
[963] 1679 7292
[964] 1680 7308
[965] 1681 7305
[966] 1682 7328
[967] 1683 7605
[968] 1684 5759
[969] 1685 6137
[970] 1686 6136
[971] 1687 6171
[972] 1688 6170
[973] 1690 !1721 6103 !6105
[974] 1691 !6776
[975] 1692 6993
[976] 1693 6959
[977] 1694 5235
[978] 1696 5677
[979] 1698 !8209
[980] 1699 8397
[981] 1700 8175
[982] 1701 8181
[983] 1702 8151
[984] 1703 5967
[985] 1704 5916
[986] 1705 7651
[987] 1707 2745 !2950 6081 6112 !6114
[988] 1708 6066
[989] 1709 7293
[990] 1711 7298
[991] 1712 7297
[992] 1713 7310
[993] 1714 7606
[994] 1715 5823
[995] 1716 6138
[996] 1718 6172
[997] 1720 6106
[998] 1722 7701
[999] 1724 6758
[1000] 1725 6757
[1001] 1727 6679
[1002] 1728 6678
[1003] 1729 5280
[1004] 1730 5645
[1005] 1731 !5721
[1006] 1732 5723
[1007] 1733 8396
[1008] 1734 8182
[1009] 1735 8183
[1010] 1736 8147
[1011] 1737 8146
[1012] 1738 8153
[1013] 1739 8152
[1014] 1740 8159
[1015] 1741 8160
[1016] 1743 7669
[1017] 1744 7285
[1018] 1745 7283
[1019] 1746 7296
[1020] 1747 7299
[1021] 1748 7319
[1022] 1750 6050
[1023] 1751 5968
[1024] 1752 7710
[1025] 1754 6140
[1026] 1755 2776 !2983 6165 6166 !6168
[1027] 1756 6174
[1028] 1757 2775 !2982 6182 !6185 6186
[1029] 1758 6107
[1030] 1760 7702
[1031] 1761 !6778
[1032] 1762 6982
[1033] 1763 6709
[1034] 1764 6948
[1035] 1765 5328
[1036] 1767 5724
[1037] 1768 5720
[1038] 1769 8211
[1039] 1770 8254
[1040] 1771 8148
[1041] 1772 8154
[1042] 1773 8161
[1043] 1774 6004
[1044] 1777 7289
[1045] 1778 7288
[1046] 1779 7284
[1047] 1781 7609
[1048] 1782 7608
[1049] 1783 5909
[1050] 1785 7697
[1051] 1786 7712
[1052] 1787 7644
[1053] 1788 7683
[1054] 1789 2743 !2948 6124 6157 !6158
[1055] 1790 6109
[1056] 1792 7695
[1057] 1793 4848
[1058] 1794 4839
[1059] 1797 6756
[1060] 1798 6755
[1061] 1799 6949
[1062] 1800 6677
[1063] 1801 6676
[1064] 1802 1835 5387 5401
[1065] 1803 5689
[1066] 1804 !5766
[1067] 1805 5776
[1068] 1806 8138
[1069] 1807 8139
[1070] 1808 8256
[1071] 1809 8155
[1072] 1810 8172
[1073] 1811 8157
[1074] 1812 8156
[1075] 1813 8163
[1076] 1814 8162
[1077] 1817 7290
[1078] 1818 7287
[1079] 1819 7309
[1080] 1820 7610
[1081] 1821 5969
[1082] 1822 6005
[1083] 1825 7693
[1084] 1826 6125
[1085] 1830 7705
[1086] 1831 !6780
[1087] 1832 6965
[1088] 1833 6711
[1089] 1834 6924
[1090] 1837 5777
[1091] 1838 5765
[1092] 1839 8140
[1093] 1840 8213
[1094] 1841 8573
[1095] 1842 8158
[1096] 1843 8164
[1097] 1849 7612
[1098] 1850 7611
[1099] 1851 7765
[1100] 1852 7700
[1101] 1853 7713
[1102] 1854 6093
[1103] 1856 5051
[1104] 1859 7706
[1105] 1860 6966
[1106] 1861 6754
[1107] 1862 6753
[1108] 1865 5731
[1109] 1866 !5815
[1110] 1867 !5811
[1111] 1868 8142
[1112] 1869 8141
[1113] 1870 8136
[1114] 1871 8135
[1115] 1872 8574
[1116] 1873 8165
[1117] 1874 8168
[1118] 1875 8127
[1119] 1876 8128
[1120] 1880 7300
[1121] 1881 7613
[1122] 1882 7766
[1123] 1883 6051
[1124] 1884 7714
[1125] 1886 6082
[1126] 1887 6083
[1127] 1888 7715
[1128] 1890 7745
[1129] 1893 !6782
[1130] 1894 6942
[1131] 1895 !6713
[1132] 1897 5732
[1133] 1898 5817
[1134] 1899 5813
[1135] 1900 8143
[1136] 1901 8137
[1137] 1902 8333
[1138] 1903 8334
[1139] 1904 8129
[1140] 1907 2196 !6007
[1141] 1908 7635
[1142] 1909 7274
[1143] 1910 7273
[1144] 1911 7279
[1145] 1912 7278
[1146] 1913 7291
[1147] 1914 7614
[1148] 1916 7676
[1149] 1919 7751
[1150] 1920 7750
[1151] 1921 6084
[1152] 1922 6092
[1153] 1926 7733
[1154] 1929 6752
[1155] 1930 6751
[1156] 1931 6714
[1157] 1932 6715
[1158] 1934 5762
[1159] 1935 !5856
[1160] 1936 !5870
[1161] 1937 8144
[1162] 1938 8145
[1163] 1939 8336
[1164] 1940 8125
[1165] 1941 8124
[1166] 1942 8131
[1167] 1943 8130
[1168] 1944 8116
[1169] 1945 8117
[1170] 1949 7617
[1171] 1951 7272
[1172] 1952 7275
[1173] 1953 7280
[1174] 1954 7615
[1175] 1956 7694
[1176] 1960 6126
[1177] 1961 7687
[1178] 1962 6144
[1179] 1966 7752
[1180] 1968 7755
[1181] 1973 !6784
[1182] 1974 6930
[1183] 1975 6911
[1184] 1979 5854
[1185] 1980 8471
[1186] 1981 8473
[1187] 1982 8126
[1188] 1983 8132
[1189] 1984 8118
[1190] 1988 7634
[1191] 1990 !2251 !6053 7768
[1192] 1993 7623
[1193] 1994 7622
[1194] 1995 7276
[1195] 2001 !7737
[1196] 2014 6750
[1197] 2015 6749
[1198] 2018 5921 7672
[1199] 2019 !5904
[1200] 2020 !5900
[1201] 2021 8477
[1202] 2022 8133
[1203] 2023 8134
[1204] 2024 8114
[1205] 2025 8113
[1206] 2026 8120
[1207] 2027 8119
[1208] 2028 8105
[1209] 2029 8106
[1210] 2035 !6045
[1211] 2037 6095
[1212] 2038 7621
[1213] 2039 7624
[1214] 2046 7724
[1215] 2047 !7689
[1216] 2048 7735
[1217] 2053 2088
[1218] 2055 !6786
[1219] 2056 6906
[1220] 2057 !6717
[1221] 2059 5922
[1222] 2060 5903
[1223] 2062 8216
[1224] 2063 8300
[1225] 2064 8115
[1226] 2065 8121
[1227] 2066 8107
[1228] 2076 !2313 6096
[1229] 2077 7636
[1230] 2078 7628
[1231] 2084 7690
[1232] 2090 6748
[1233] 2091 6747
[1234] 2092 6718
[1235] 2093 6719
[1236] 2095 5923
[1237] 2096 !5959
[1238] 2097 !5956
[1239] 2098 8302
[1240] 2099 8123
[1241] 2100 8122
[1242] 2101 8103
[1243] 2102 8102
[1244] 2103 8109
[1245] 2104 8108
[1246] 2113 !5997
[1247] 2118 2345 6098
[1248] 2121 7268
[1249] 2122 7269
[1250] 2123 7625
[1251] 2125 2160
[1252] 2130 !6788
[1253] 2131 6894
[1254] 2132 6887
[1255] 2134 5971
[1256] 2135 5958
[1257] 2136 5961
[1258] 2137 8094
[1259] 2138 8095
[1260] 2139 8218
[1261] 2140 8618
[1262] 2141 8104
[1263] 2142 8110
[1264] 2147 6127
[1265] 2154 2380 !6146
[1266] 2156 7266
[1267] 2157 7265
[1268] 2158 7270
[1269] 2164 6746
[1270] 2165 6745
[1271] 2166 6888
[1272] 2168 5973
[1273] 2169 5999
[1274] 2171 8082
[1275] 2172 8083
[1276] 2173 8096
[1277] 2175 8112
[1278] 2176 8111
[1279] 2179 2240 4724 4799
[1280] 2188 7267
[1281] 2192 !6790
[1282] 2193 6877
[1283] 2194 !6721
[1284] 2197 6000
[1285] 2198 5996
[1286] 2199 !5825
[1287] 2200 8084
[1288] 2201 8098
[1289] 2202 8097
[1290] 2203 8092
[1291] 2204 8091
[1292] 2205 !8220
[1293] 2206 8390
[1294] 2208 4732
[1295] 2209 4768
[1296] 2215 !7647
[1297] 2218 4801
[1298] 2219 7772
[1299] 2221 6744
[1300] 2222 6743
[1301] 2223 6723
[1302] 2224 6722
[1303] 2227 !6041
[1304] 2228 5827
[1305] 2229 8080
[1306] 2230 8079
[1307] 2231 8086
[1308] 2232 8085
[1309] 2233 8099
[1310] 2234 8093
[1311] 2235 8391
[1312] 2236 8531
[1313] 2237 8532
[1314] 2238 4766
[1315] 2239 4765
[1316] 2241 4769
[1317] 2244 7680
[1318] 2245 !7632
[1319] 2246 7816
[1320] 2247 !6792
[1321] 2248 6859
[1322] 2249 6871
[1323] 2252 6047
[1324] 2253 6043
[1325] 2254 5862
[1326] 2255 5315
[1327] 2256 8081
[1328] 2257 8087
[1329] 2258 8100
[1330] 2259 8222
[1331] 2260 8533
[1332] 2261 4767
[1333] 2262 6292
[1334] 2263 7847
[1335] 2264 2298 4803
[1336] 2267 7815
[1337] 2270 6742
[1338] 2271 6741
[1339] 2273 6675
[1340] 2274 6674
[1341] 2276 6055
[1342] 2277 !6086
[1343] 2280 5465
[1344] 2281 !5350
[1345] 2282 5010
[1346] 2283 8548
[1347] 2284 8547
[1348] 2285 8550
[1349] 2286 8551
[1350] 2287 8088
[1351] 2288 8089
[1352] 2289 8101
[1353] 2291 8529
[1354] 2292 8528
[1355] 2293 8535
[1356] 2294 8534
[1357] 2295 7838
[1358] 2296 7848
[1359] 2300 !2332
[1360] 2303 !6794
[1361] 2304 6839
[1362] 2305 !6725
[1363] 2306 6853
[1364] 2307 4849
[1365] 2308 6293
[1366] 2315 4892
[1367] 2316 4894
[1368] 2317 4841
[1369] 2318 !5865 !5866
[1370] 2319 5508
[1371] 2321 !5053
[1372] 2322 4718
[1373] 2323 8549
[1374] 2324 8552
[1375] 2325 8090
[1376] 2326 !2900 !8224
[1377] 2327 8530
[1378] 2328 8536
[1379] 2329 7849
[1380] 2336 6740
[1381] 2337 6739
[1382] 2338 6854
[1383] 2339 6673
[1384] 2340 6672
[1385] 2341 6290
[1386] 2346 4811
[1387] 2347 6134
[1388] 2348 !6129
[1389] 2349 5868
[1390] 2350 5890
[1391] 2352 5509
[1392] 2353 5409
[1393] 2354 5142
[1394] 2355 5054
[1395] 2356 4719
[1396] 2360 8538
[1397] 2361 8537
[1398] 2366 6800
[1399] 2368 7104
[1400] 2369 !6663
[1401] 2370 6661
[1402] 2371 !6796
[1403] 2372 6822
[1404] 2373 6727
[1405] 2374 6832
[1406] 2376 4842
[1407] 2377 !4846
[1408] 2378 4864
[1409] 2381 6135
[1410] 2382 6154
[1411] 2383 6142
[1412] 2384 6131
[1413] 2385 6130
[1414] 2386 6116
[1415] 2387 6091
[1416] 2389 6067
[1417] 2390 6035
[1418] 2391 6046
[1419] 2392 6026
[1420] 2393 5993
[1421] 2394 6001
[1422] 2395 5978
[1423] 2396 5966
[1424] 2397 5960
[1425] 2398 5941
[1426] 2399 5898
[1427] 2404 5838
[1428] 2405 5804
[1429] 2406 5816
[1430] 2407 5795
[1431] 2408 5771
[1432] 2409 5778
[1433] 2410 5750
[1434] 2411 5717
[1435] 2412 5725
[1436] 2413 5708
[1437] 2414 5685
[1438] 2416 5664
[1439] 2417 5641
[1440] 2418 5637
[1441] 2419 5615
[1442] 2420 5592
[1443] 2421 5588
[1444] 2422 !5554
[1445] 2423 5574
[1446] 2424 5535
[1447] 2426 5529
[1448] 2427 5491
[1449] 2429 5477
[1450] 2430 5442
[1451] 2431 5456
[1452] 2432 5435
[1453] 2433 5416
[1454] 2436 5384
[1455] 2437 5361
[1456] 2439 5342
[1457] 2440 5300
[1458] 2441 5314
[1459] 2442 5293
[1460] 2443 5268
[1461] 2446 5249
[1462] 2447 5226
[1463] 2448 5229
[1464] 2450 5205
[1465] 2451 5182
[1466] 2453 5155
[1467] 2454 5125
[1468] 2457 !5098
[1469] 2458 5118
[1470] 2459 5117
[1471] 2461 5073
[1472] 2462 5072
[1473] 2465 5028
[1474] 2466 5027
[1475] 2467 5000
[1476] 2468 4982
[1477] 2469 4945
[1478] 2471 4929
[1479] 2472 4937
[1480] 2474 4895
[1481] 2475 4874
[1482] 2477 7856
[1483] 2478 7841
[1484] 2479 7839
[1485] 2480 8270
[1486] 2482 8544
[1487] 2483 8648
[1488] 2484 7827
[1489] 2485 7851
[1490] 2486 7850
[1491] 2487 8465
[1492] 2488 8450
[1493] 2497 !7089
[1494] 2498 7111
[1495] 2500 7105
[1496] 2501 7046
[1497] 2502 7031
[1498] 2506 6978
[1499] 2507 6664
[1500] 2510 6736
[1501] 2511 6737
[1502] 2513 6671
[1503] 2514 6670
[1504] 2515 !6298
[1505] 2516 4847
[1506] 2519 6147
[1507] 2520 6148
[1508] 2521 6141
[1509] 2523 6132
[1510] 2524 6097
[1511] 2525 6110
[1512] 2527 !6089
[1513] 2528 6054
[1514] 2529 6073
[1515] 2531 6048
[1516] 2533 6018
[1517] 2535 6002
[1518] 2536 5972
[1519] 2537 5986
[1520] 2539 5962
[1521] 2540 5924
[1522] 2541 5933
[1523] 2543 !5907
[1524] 2545 5884
[1525] 2547 !5873
[1526] 2548 5826
[1527] 2549 5844
[1528] 2551 5818
[1529] 2553 5787
[1530] 2555 5779
[1531] 2556 5733
[1532] 2557 5742
[1533] 2559 5726
[1534] 2561 5700
[1535] 2563 !5683
[1536] 2565 5656
[1537] 2567 5639
[1538] 2569 5621
[1539] 2571 5590
[1540] 2572 5555
[1541] 2573 5556
[1542] 2574 5564
[1543] 2576 !5547
[1544] 2577 5510
[1545] 2578 5514
[1546] 2580 !5502
[1547] 2581 5466
[1548] 2582 5479
[1549] 2584 5458
[1550] 2585 5421
[1551] 2586 5427
[1552] 2588 !5412
[1553] 2590 5390
[1554] 2592 !5359
[1555] 2593 5324
[1556] 2594 5323
[1557] 2595 5334
[1558] 2597 5316
[1559] 2598 5274
[1560] 2599 5285
[1561] 2601 !5266
[1562] 2602 5222
[1563] 2603 5241
[1564] 2605 5231
[1565] 2607 5197
[1566] 2609 !5187
[1567] 2610 5143
[1568] 2611 5157
[1569] 2613 !5135
[1570] 2614 5100
[1571] 2615 5099
[1572] 2616 5080
[1573] 2617 5119
[1574] 2618 !5094
[1575] 2619 5055
[1576] 2620 5035
[1577] 2621 5074
[1578] 2622 !5046
[1579] 2623 5009
[1580] 2624 4990
[1581] 2625 5029
[1582] 2626 5002
[1583] 2629 4983
[1584] 2632 4919
[1585] 2633 4904
[1586] 2634 4938
[1587] 2635 !4915
[1588] 2636 4884
[1589] 2637 4893
[1590] 2639 !4882
[1591] 2640 6291
[1592] 2641 7857
[1593] 2642 8655
[1594] 2643 8654
[1595] 2644 8641
[1596] 2645 8642
[1597] 2646 8628
[1598] 2647 8627
[1599] 2648 8613
[1600] 2649 8612
[1601] 2650 8598
[1602] 2651 8597
[1603] 2652 8582
[1604] 2653 8583
[1605] 2655 8567
[1606] 2656 8568
[1607] 2657 8521
[1608] 2658 8522
[1609] 2661 8649
[1610] 2662 8505
[1611] 2663 8504
[1612] 2664 8482
[1613] 2665 8481
[1614] 2666 8456
[1615] 2667 8457
[1616] 2668 8443
[1617] 2669 8444
[1618] 2670 8430
[1619] 2671 8429
[1620] 2672 8412
[1621] 2673 8411
[1622] 2674 8401
[1623] 2675 8402
[1624] 2676 8383
[1625] 2677 8384
[1626] 2678 8366
[1627] 2679 8367
[1628] 2680 8351
[1629] 2681 8352
[1630] 2682 7837
[1631] 2685 8326
[1632] 2686 8325
[1633] 2687 8306
[1634] 2688 8307
[1635] 2690 8294
[1636] 2691 8295
[1637] 2692 8279
[1638] 2693 8280
[1639] 2694 8245
[1640] 2695 8246
[1641] 2696 8231
[1642] 2697 8230
[1643] 2698 8073
[1644] 2699 8072
[1645] 2701 7842
[1646] 2702 7840
[1647] 2703 7633
[1648] 2705 7158
[1649] 2707 7149
[1650] 2708 !7145
[1651] 2709 !7129
[1652] 2710 7126
[1653] 2712 7062
[1654] 2715 7117
[1655] 2716 7112
[1656] 2718 7096
[1657] 2721 7047
[1658] 2722 7035
[1659] 2723 7032
[1660] 2725 !7014
[1661] 2726 !6995
[1662] 2731 6950
[1663] 2734 6889
[1664] 2736 6855
[1665] 2738 6665 6808 !6848
[1666] 2739 !6798
[1667] 2740 6738
[1668] 2741 !6729
[1669] 2742 6815
[1670] 2759 !2964 5480 !5482
[1671] 2761 5386
[1672] 2762 5329
[1673] 2763 5279
[1674] 2764 5236
[1675] 2765 5191
[1676] 2766 5158
[1677] 2767 5104
[1678] 2768 5059
[1679] 2769 5014
[1680] 2770 4969
[1681] 2771 4924
[1682] 2773 4806
[1683] 2777 6149
[1684] 2779 6133
[1685] 2780 6099
[1686] 2782 6090
[1687] 2783 6056
[1688] 2785 6049
[1689] 2786 !6010
[1690] 2788 6003
[1691] 2789 5974
[1692] 2791 5965
[1693] 2792 5925
[1694] 2794 5908
[1695] 2797 5874
[1696] 2800 5819
[1697] 2801 !5769
[1698] 2803 5780
[1699] 2804 5734
[1700] 2806 5727
[1701] 2807 !5692
[1702] 2809 5684
[1703] 2810 !5648
[1704] 2812 5640
[1705] 2813 !5604
[1706] 2815 5591
[1707] 2818 5548
[1708] 2821 5503
[1709] 2824 5459
[1710] 2825 5423
[1711] 2827 5415
[1712] 2828 !5373
[1713] 2830 5360
[1714] 2833 5317
[1715] 2834 5275
[1716] 2836 5267
[1717] 2837 5224
[1718] 2839 5232
[1719] 2840 !5180
[1720] 2842 5188
[1721] 2843 5144
[1722] 2845 5136
[1723] 2848 5095
[1724] 2851 5047
[1725] 2852 5011
[1726] 2854 5003
[1727] 2855 !4959
[1728] 2857 4967
[1729] 2858 4920
[1730] 2860 4916
[1731] 2861 4889
[1732] 2863 4883
[1733] 2864 7858
[1734] 2865 8656
[1735] 2866 8643
[1736] 2867 8629
[1737] 2868 8614
[1738] 2869 8599
[1739] 2870 8584
[1740] 2872 8569
[1741] 2873 8523
[1742] 2874 !8558
[1743] 2875 !8546
[1744] 2876 8506
[1745] 2877 8491
[1746] 2878 8490
[1747] 2879 8483
[1748] 2880 8458
[1749] 2881 8445
[1750] 2882 8431
[1751] 2883 8413
[1752] 2884 8403
[1753] 2885 8385
[1754] 2886 8368
[1755] 2887 8353
[1756] 2888 7846
[1757] 2889 !3317 !7853
[1758] 2890 8327
[1759] 2891 8308
[1760] 2893 8296
[1761] 2894 8281
[1762] 2895 8261
[1763] 2896 8260
[1764] 2897 8247
[1765] 2898 8232
[1766] 2899 8074
[1767] 2901 7843
[1768] 2902 7828
[1769] 2905 7159
[1770] 2906 7065
[1771] 2908 7147
[1772] 2910 7130
[1773] 2913 7091
[1774] 2914 7118
[1775] 2915 7114
[1776] 2917 7100
[1777] 2919 !7053
[1778] 2920 7049
[1779] 2923 7034
[1780] 2926 7019
[1781] 2927 7015
[1782] 2930 6981
[1783] 2931 6980
[1784] 2932 !6985
[1785] 2933 !6962
[1786] 2934 6951
[1787] 2937 6890
[1788] 2938 !6874
[1789] 2942 6806
[1790] 2943 6799
[1791] 2944 6802
[1792] 2945 6667
[1793] 2946 6668
[1794] 2949 6302
[1795] 2965 5403
[1796] 2966 5388
[1797] 2967 5330
[1798] 2968 5281
[1799] 2969 5237
[1800] 2970 5193
[1801] 2971 5160
[1802] 2972 5106
[1803] 2973 5061
[1804] 2974 5016
[1805] 2975 4971
[1806] 2977 6308
[1807] 2978 4828
[1808] 2979 4823
[1809] 2984 6150
[1810] 2986 6100
[1811] 2988 6057
[1812] 2990 6011
[1813] 2992 5975
[1814] 2994 5926
[1815] 2998 5829
[1816] 3000 5770
[1817] 3002 5735
[1818] 3004 5693
[1819] 3006 5649
[1820] 3008 5605
[1821] 3010 5558
[1822] 3012 5512
[1823] 3014 5468
[1824] 3016 5424
[1825] 3018 5374
[1826] 3020 5326
[1827] 3022 5276
[1828] 3024 5225
[1829] 3026 5181
[1830] 3028 5145
[1831] 3030 5102
[1832] 3032 5057
[1833] 3034 5012
[1834] 3036 4960
[1835] 3038 4921
[1836] 3040 4863
[1837] 3041 4890
[1838] 3043 4850
[1839] 3044 8660
[1840] 3045 8657
[1841] 3046 8667
[1842] 3047 7852
[1843] 3048 8639
[1844] 3049 8644
[1845] 3050 8650
[1846] 3051 8625
[1847] 3052 8630
[1848] 3053 8635
[1849] 3054 8610
[1850] 3055 8615
[1851] 3057 8595
[1852] 3058 8600
[1853] 3060 8580
[1854] 3061 8585
[1855] 3062 8590
[1856] 3063 8588
[1857] 3064 8565
[1858] 3065 8570
[1859] 3066 8575
[1860] 3067 8519
[1861] 3068 8524
[1862] 3069 8065
[1863] 3070 8559
[1864] 3071 8510
[1865] 3072 8507
[1866] 3074 8492
[1867] 3076 8480
[1868] 3077 8484
[1869] 3078 8474
[1870] 3079 8462
[1871] 3080 8459
[1872] 3082 8441
[1873] 3083 8446
[1874] 3085 8427
[1875] 3086 8432
[1876] 3088 8415
[1877] 3089 8414
[1878] 3090 8421
[1879] 3091 8406
[1880] 3092 8404
[1881] 3093 8398
[1882] 3094 8381
[1883] 3095 8386
[1884] 3096 8392
[1885] 3097 8370
[1886] 3098 8369
[1887] 3100 8357
[1888] 3101 8354
[1889] 3102 8361
[1890] 3104 3573 7854
[1891] 3105 8330
[1892] 3106 8328
[1893] 3107 8335
[1894] 3108 8312
[1895] 3109 8309
[1896] 3110 8319
[1897] 3111 8320
[1898] 3112 8292
[1899] 3113 8297
[1900] 3114 8301
[1901] 3115 8277
[1902] 3116 8282
[1903] 3117 8286
[1904] 3118 8262
[1905] 3119 8272
[1906] 3120 8271
[1907] 3121 8249
[1908] 3122 8248
[1909] 3123 8255
[1910] 3124 8234
[1911] 3125 8233
[1912] 3126 8240
[1913] 3127 8070
[1914] 3128 8075
[1915] 3129 8225
[1916] 3130 8226
[1917] 3131 7859
[1918] 3132 7844
[1919] 3138 7151
[1920] 3143 7119
[1921] 3146 7054
[1922] 3148 7038
[1923] 3150 7023
[1924] 3155 6986
[1925] 3156 6967
[1926] 3157 6964
[1927] 3160 6941
[1928] 3161 6952
[1929] 3163 6929
[1930] 3166 6904
[1931] 3167 6915
[1932] 3169 6893
[1933] 3172 6876
[1934] 3175 6858
[1935] 3178 6845
[1936] 3180 6828
[1937] 3181 6820
[1938] 3184 6807
[1939] 3185 6801 6843
[1940] 3187 6669
[1941] 3188 !6731
[1942] 3189 6175
[1943] 3191 !3446 6643 !6645
[1944] 3192 6629
[1945] 3193 6630
[1946] 3194 6616
[1947] 3195 6617
[1948] 3196 6605
[1949] 3197 6606
[1950] 3198 6598
[1951] 3199 6597
[1952] 3200 6583
[1953] 3201 6584
[1954] 3202 6569
[1955] 3203 6574
[1956] 3204 6560
[1957] 3205 6561
[1958] 3206 6547
[1959] 3207 6546
[1960] 3208 6537
[1961] 3209 6536
[1962] 3210 6527
[1963] 3211 6526
[1964] 3212 6517
[1965] 3213 6519
[1966] 3214 6504
[1967] 3215 6500
[1968] 3216 6494
[1969] 3217 6492
[1970] 3218 6477
[1971] 3219 6476
[1972] 3220 6466
[1973] 3221 6465
[1974] 3222 6456
[1975] 3223 6455
[1976] 3224 6447
[1977] 3225 6442
[1978] 3226 6437
[1979] 3227 6438
[1980] 3228 6420
[1981] 3229 6419
[1982] 3230 6411
[1983] 3231 6412
[1984] 3232 6396
[1985] 3233 6400
[1986] 3234 6382
[1987] 3235 6384
[1988] 3236 6372
[1989] 3237 6371
[1990] 3238 6361
[1991] 3239 6366
[1992] 3240 6352
[1993] 3241 6357
[1994] 3242 6346
[1995] 3243 6345
[1996] 3244 6329
[1997] 3246 6319
[1998] 3251 6183
[1999] 3252 6187
[2000] 3253 6169
[2001] 3254 6160
[2002] 3255 6155
[2003] 3256 6118
[2004] 3258 6075
[2005] 3260 6029
[2006] 3262 5963
[2007] 3263 5988
[2008] 3264 5944
[2009] 3266 5892
[2010] 3268 5846
[2011] 3270 5798
[2012] 3272 5753
[2013] 3274 5711
[2014] 3276 5667
[2015] 3278 5623
[2016] 3280 5566
[2017] 3282 5519
[2018] 3284 5478
[2019] 3286 5413
[2020] 3287 5437
[2021] 3288 5392
[2022] 3290 5332
[2023] 3292 5283
[2024] 3294 5239
[2025] 3296 5195
[2026] 3298 5147
[2027] 3300 5108
[2028] 3302 5063
[2029] 3304 5018
[2030] 3306 4973
[2031] 3308 4939
[2032] 3311 4898
[2033] 3313 4851
[2034] 3337 8560
[2035] 3342 8495
[2036] 3343 8493
[2037] 3358 8416
[2038] 3367 8371
[2039] 3372 8347
[2040] 3373 8343
[2041] 3374 8265
[2042] 3387 8267
[2043] 3388 8263
[2044] 3391 8250
[2045] 3394 8235
[2046] 3405 7160
[2047] 3409 7061
[2048] 3410 7092
[2049] 3412 !7107
[2050] 3417 6988
[2051] 3418 6968
[2052] 3428 !6880
[2053] 3432 !6842
[2054] 3436 6666
[2055] 3439 6804
[2056] 3442 6652
[2057] 3444 6649
[2058] 3445 6637
[2059] 3447 6625
[2060] 3448 6631
[2061] 3449 6618
[2062] 3451 6607
[2063] 3453 6591
[2064] 3454 6599
[2065] 3455 6585
[2066] 3457 6568
[2067] 3459 6556
[2068] 3460 6562
[2069] 3461 6548
[2070] 3463 6538
[2071] 3465 6528
[2072] 3467 6516
[2073] 3469 6503
[2074] 3471 6493
[2075] 3473 6478
[2076] 3475 6467
[2077] 3477 6457
[2078] 3481 6433
[2079] 3482 6439
[2080] 3483 6421
[2081] 3486 6413
[2082] 3489 6386
[2083] 3491 6373
[2084] 3493 6365
[2085] 3495 6356
[2086] 3497 6339
[2087] 3498 6347
[2088] 3499 6330
[2089] 3503 6311
[2090] 3504 6310
[2091] 3508 6176
[2092] 3510 6159
[2093] 3512 6115
[2094] 3514 6072
[2095] 3516 6017
[2096] 3518 5954
[2097] 3520 5932
[2098] 3522 5889
[2099] 3524 5843
[2100] 3526 5786
[2101] 3528 5741
[2102] 3530 5699
[2103] 3532 5655
[2104] 3534 5620
[2105] 3536 5563
[2106] 3538 5518
[2107] 3540 5483
[2108] 3542 5404
[2109] 3544 5389
[2110] 3546 5331
[2111] 3548 5282
[2112] 3550 5238
[2113] 3552 5194
[2114] 3554 5161
[2115] 3556 5107
[2116] 3558 5062
[2117] 3560 5017
[2118] 3562 4972
[2119] 3564 4927
[2120] 3566 4866
[2121] 3570 4726
[2122] 3572 8669
[2123] 3575 8652
[2124] 3577 8637
[2125] 3579 8622
[2126] 3581 8607
[2127] 3583 8592
[2128] 3585 8577
[2129] 3587 8562
[2130] 3589 8517
[2131] 3591 8502
[2132] 3593 8479
[2133] 3595 8469
[2134] 3597 8454
[2135] 3599 8439
[2136] 3601 8424
[2137] 3603 8400
[2138] 3605 8394
[2139] 3607 8379
[2140] 3609 8364
[2141] 3613 8338
[2142] 3615 8322
[2143] 3617 8304
[2144] 3619 8289
[2145] 3621 8274
[2146] 3623 8258
[2147] 3625 8243
[2148] 3627 8228
[2149] 3629 8068
[2150] 3632 !3902 7825
[2151] 3634 7164
[2152] 3636 7154
[2153] 3638 7093
[2154] 3640 7122
[2155] 3643 7057
[2156] 3645 7041
[2157] 3647 7018
[2158] 3649 6998
[2159] 3650 6989
[2160] 3651 6958
[2161] 3654 6955
[2162] 3657 6937
[2163] 3660 6920
[2164] 3663 6892
[2165] 3666 6870
[2166] 3669 6866
[2167] 3672 6837
[2168] 3673 6844
[2169] 3677 6819
[2170] 3678 6810
[2171] 3680 !6734
[2172] 3682 6655
[2173] 3684 6648
[2174] 3701 6550
[2175] 3703 6540
[2176] 3705 6530
[2177] 3707 6520
[2178] 3711 6496
[2179] 3713 6480
[2180] 3715 6469
[2181] 3717 6459
[2182] 3723 6423
[2183] 3731 6375
[2184] 3745 6193
[2185] 3746 6189
[2186] 3747 6178
[2187] 3748 6162
[2188] 3749 6120
[2189] 3750 6077
[2190] 3751 6031
[2191] 3752 5989
[2192] 3753 5946
[2193] 3754 5894
[2194] 3755 5848
[2195] 3756 5800
[2196] 3757 5755
[2197] 3758 5713
[2198] 3759 5669
[2199] 3760 5625
[2200] 3761 5577
[2201] 3762 5531
[2202] 3763 5487
[2203] 3764 5438
[2204] 3765 5394
[2205] 3766 5345
[2206] 3767 5296
[2207] 3768 5252
[2208] 3769 5208
[2209] 3770 5164
[2210] 3771 5121
[2211] 3772 5076
[2212] 3773 5031
[2213] 3774 4986
[2214] 3775 4941
[2215] 3776 4900
[2216] 3777 4852
[2217] 3778 4810
[2218] 3779 4725
[2219] 3780 4727
[2220] 3843 8659
[2221] 3845 8640
[2222] 3847 8624
[2223] 3849 8609
[2224] 3851 8594
[2225] 3853 8579
[2226] 3855 8564
[2227] 3857 8520
[2228] 3859 8509
[2229] 3861 8494
[2230] 3863 8485
[2231] 3865 8461
[2232] 3867 8442
[2233] 3869 8426
[2234] 3871 8417
[2235] 3873 8405
[2236] 3875 8382
[2237] 3877 8372
[2238] 3879 8356
[2239] 3881 8340
[2240] 3882 8349
[2241] 3883 8324
[2242] 3885 8311
[2243] 3887 8291
[2244] 3889 8276
[2245] 3891 8266
[2246] 3893 8251
[2247] 3895 8236
[2248] 3897 8071
[2249] 3899 7855
[2250] 3901 7835
[2251] 3903 7261
[2252] 3904 7260
[2253] 3905 7258
[2254] 3906 7257
[2255] 3907 7255
[2256] 3908 7254
[2257] 3909 7252
[2258] 3910 7251
[2259] 3911 7249
[2260] 3912 7248
[2261] 3913 7246
[2262] 3914 7245
[2263] 3915 7243
[2264] 3916 7242
[2265] 3917 7240
[2266] 3918 7239
[2267] 3919 7237
[2268] 3920 7236
[2269] 3921 7234
[2270] 3922 7233
[2271] 3923 7231
[2272] 3924 7230
[2273] 3925 7228
[2274] 3926 7227
[2275] 3927 7225
[2276] 3928 7224
[2277] 3929 7222
[2278] 3930 7221
[2279] 3931 7219
[2280] 3932 7218
[2281] 3933 7216
[2282] 3934 7215
[2283] 3935 7213
[2284] 3936 7212
[2285] 3937 7210
[2286] 3938 7209
[2287] 3939 7207
[2288] 3940 7206
[2289] 3941 7204
[2290] 3942 7203
[2291] 3943 7201
[2292] 3944 7200
[2293] 3945 7198
[2294] 3946 7197
[2295] 3947 7195
[2296] 3948 7194
[2297] 3949 7192
[2298] 3950 7191
[2299] 3951 7189
[2300] 3952 7188
[2301] 3953 7186
[2302] 3954 7185
[2303] 3955 7183
[2304] 3956 7182
[2305] 3957 7180
[2306] 3958 7179
[2307] 3959 7177
[2308] 3960 7176
[2309] 3961 7174
[2310] 3962 7173
[2311] 3963 7171
[2312] 3964 7170
[2313] 3965 7168
[2314] 3966 7167
[2315] 3971 7133
[2316] 3974 7094
[2317] 3980 6975
[2318] 3981 6990
[2319] 3984 6956
[2320] 3985 !6954
[2321] 3986 6938
[2322] 3994 6867
[2323] 3996 6838
[2324] 3998 6826
[2325] 4000 6813
[2326] 4001 6735
[2327] 4004 6650
[2328] 4046 6407
[2329] 4047 6417
[2330] 4048 6395
[2331] 4050 6385
[2332] 4054 6367
[2333] 4056 6351
[2334] 4057 6359
[2335] 4058 6344
[2336] 4128 6195
[2337] 4129 6194
[2338] 4192 4854
[2339] 4193 4853
[2340] 4198 !4471 !4715
[2341] 4246 4535
[2342] 4248 4530
[2343] 4250 4525
[2344] 4252 4520
[2345] 4254 4515
[2346] 4256 4510
[2347] 4258 4505
[2348] 4260 6805
[2349] 4261 8670
[2350] 4262 8653
[2351] 4263 8638
[2352] 4264 8623
[2353] 4265 8608
[2354] 4266 8593
[2355] 4267 8578
[2356] 4268 8563
[2357] 4269 8518
[2358] 4270 8503
[2359] 4271 8489
[2360] 4272 8470
[2361] 4273 8455
[2362] 4274 8440
[2363] 4275 8425
[2364] 4276 8410
[2365] 4277 8395
[2366] 4278 8380
[2367] 4279 8365
[2368] 4280 8350
[2369] 4281 8339
[2370] 4282 8323
[2371] 4283 8305
[2372] 4284 8290
[2373] 4285 8275
[2374] 4286 8259
[2375] 4287 8244
[2376] 4288 8229
[2377] 4289 8069
[2378] 4290 7836
[2379] 4291 7262
[2380] 4292 7259
[2381] 4293 7256
[2382] 4294 7253
[2383] 4295 7250
[2384] 4296 7247
[2385] 4297 7244
[2386] 4298 7241
[2387] 4299 7238
[2388] 4300 7235
[2389] 4301 7232
[2390] 4302 7229
[2391] 4303 7226
[2392] 4304 7223
[2393] 4305 7220
[2394] 4306 7217
[2395] 4307 7214
[2396] 4308 7211
[2397] 4309 7208
[2398] 4310 7205
[2399] 4311 7202
[2400] 4312 7199
[2401] 4313 7196
[2402] 4314 7193
[2403] 4315 7190
[2404] 4316 7187
[2405] 4317 7184
[2406] 4318 7181
[2407] 4319 7178
[2408] 4320 7175
[2409] 4321 7172
[2410] 4322 7169
[2411] 4323 7166
[2412] 4324 7157
[2413] 4325 7141
[2414] 4326 7125
[2415] 4327 7109
[2416] 4328 7060
[2417] 4329 7044
[2418] 4330 7029
[2419] 4331 7011
[2420] 4332 6991
[2421] 4333 6974
[2422] 4334 6957
[2423] 4335 6940
[2424] 4336 6923
[2425] 4337 6903
[2426] 4338 6886
[2427] 4339 6869
[2428] 4340 6852
[2429] 4341 6831
[2430] 4342 6814
[2431] 4343 6660
[2432] 4344 6654
[2433] 4345 6647
[2434] 4346 6636
[2435] 4347 6624
[2436] 4348 6612
[2437] 4349 6601
[2438] 4350 6590
[2439] 4351 6579
[2440] 4352 6567
[2441] 4353 6555
[2442] 4354 6545
[2443] 4355 6535
[2444] 4356 6525
[2445] 4357 6512
[2446] 4358 6499
[2447] 4359 6486
[2448] 4360 6475
[2449] 4361 6464
[2450] 4362 6454
[2451] 4363 6441
[2452] 4364 6428
[2453] 4365 6418
[2454] 4366 6406
[2455] 4367 6393
[2456] 4368 6380
[2457] 4369 6370
[2458] 4370 6360
[2459] 4371 6350
[2460] 4372 6338
[2461] 4373 6328
[2462] 4374 6318
[2463] 4375 !6289
[2464] 4376 !6286
[2465] 4377 !6283
[2466] 4378 !6280
[2467] 4379 !6277
[2468] 4380 !6274
[2469] 4381 !6271
[2470] 4382 !6268
[2471] 4383 !6265
[2472] 4384 !6262
[2473] 4385 !6259
[2474] 4386 !6256
[2475] 4387 !6253
[2476] 4388 !6250
[2477] 4389 !6247
[2478] 4390 !6244
[2479] 4391 !6241
[2480] 4392 !6238
[2481] 4393 !6235
[2482] 4394 !6232
[2483] 4395 !6229
[2484] 4396 !6226
[2485] 4397 !6223
[2486] 4398 !6220
[2487] 4399 !6217
[2488] 4400 !6214
[2489] 4401 !6211
[2490] 4402 !6208
[2491] 4403 !6205
[2492] 4404 !6202
[2493] 4405 !6199
[2494] 4406 6196
[2495] 4407 !6192
[2496] 4408 !6181
[2497] 4409 !6164
[2498] 4410 !6122
[2499] 4411 !6079
[2500] 4412 !6033
[2501] 4413 !5991
[2502] 4414 !5948
[2503] 4415 !5896
[2504] 4416 !5850
[2505] 4417 !5802
[2506] 4418 !5757
[2507] 4419 !5715
[2508] 4420 !5671
[2509] 4421 !5627
[2510] 4422 !5579
[2511] 4423 !5533
[2512] 4424 !5489
[2513] 4425 !5440
[2514] 4426 !5396
[2515] 4427 !5347
[2516] 4428 !5298
[2517] 4429 !5254
[2518] 4430 !5210
[2519] 4431 !5166
[2520] 4432 !5123
[2521] 4433 !5078
[2522] 4434 !5033
[2523] 4435 !4988
[2524] 4436 !4943
[2525] 4437 !4902
[2526] 4438 4855
[2527] 4439 4764
[2528] 4440 4763
[2529] 4441 4762
[2530] 4442 4761
[2531] 4443 4760
[2532] 4444 4759
[2533] 4445 4758
[2534] 4446 4757
[2535] 4447 4756
[2536] 4448 4755
[2537] 4449 4754
[2538] 4450 4753
[2539] 4451 4752
[2540] 4452 4751
[2541] 4453 4750
[2542] 4454 4749
[2543] 4455 4748
[2544] 4456 4747
[2545] 4457 4746
[2546] 4458 4745
[2547] 4459 4744
[2548] 4460 4743
[2549] 4461 4742
[2550] 4462 4741
[2551] 4463 4740
[2552] 4464 4739
[2553] 4465 4738
[2554] 4466 4737
[2555] 4467 4736
[2556] 4468 4735
[2557] 4469 !4734
[2558] 4470 !4730
[2559] 4472 4712
[2560] 4473 4704
[2561] 4474 4696
[2562] 4475 4688
[2563] 4476 4680
[2564] 4477 4672
[2565] 4478 4664
[2566] 4479 4656
[2567] 4480 4650
[2568] 4481 4639
[2569] 4482 4631
[2570] 4483 4623
[2571] 4484 4617
[2572] 4485 4608
[2573] 4486 4601
[2574] 4487 4594
[2575] 4488 4587
[2576] 4489 4580
[2577] 4490 4573
[2578] 4491 4566
[2579] 4492 4559
[2580] 4493 4552
[2581] 4494 4545
[2582] 4495 4538
[2583] 4496 4533
[2584] 4497 4528
[2585] 4498 4523
[2586] 4499 4518
[2587] 4500 4513
[2588] 4501 4508
[2589] 4561 4568
[2590] 4575 4582 4589 4596 4603 4613 4626 4634 4646 4659 4667 4675 4683 4691 4699 4707
[2591] 5369 7660
[2592] 5970 7673
[2593] 6006 7675
[2594] 7008 7009
[2595] 7819 7820
[2596] 7830 7831

fraig> q -f

